{
"contracts/Raffle.sol":{"l":{"60":3,"61":3,"62":3,"63":3,"64":3,"65":3,"66":3,"67":3,"72":5,"73":1,"75":4,"76":1,"78":3,"81":3,"95":1,"96":1,"97":1,"98":1,"99":1,"108":1,"109":1,"110":0,"112":1,"113":1,"120":1,"125":0,"126":0,"127":0,"128":0,"129":0,"130":0,"132":0,"134":0,"135":0,"137":0,"142":5,"146":1,"150":0,"154":1,"158":0,"162":0,"166":0,"170":0,"174":5},"path":"/Users/glow/Desktop/GitHub/Solidity-playground/EtherJS_Hardhat/hardhat-smartcontract-lottery/contracts/Raffle.sol","s":{"1":5,"2":4,"3":3,"4":3,"5":1,"6":1,"7":1,"8":1,"9":1,"10":1,"11":1,"12":1,"13":0,"14":0,"15":0,"16":0,"17":0,"18":5,"19":1,"20":0,"21":1,"22":0,"23":0,"24":0,"25":0,"26":5},"b":{"1":[1,4],"2":[1,3],"3":[0,1],"4":[0,0]},"f":{"1":3,"2":5,"3":1,"4":1,"5":0,"6":5,"7":1,"8":0,"9":1,"10":0,"11":0,"12":0,"13":0,"14":5},"fnMap":{"1":{"name":"constructor","line":59,"loc":{"start":{"line":52,"column":4},"end":{"line":68,"column":4}}},"2":{"name":"enterRaffle","line":70,"loc":{"start":{"line":70,"column":4},"end":{"line":83,"column":4}}},"3":{"name":"checkUpkeep","line":92,"loc":{"start":{"line":92,"column":4},"end":{"line":100,"column":8}}},"4":{"name":"performUpkeep","line":103,"loc":{"start":{"line":103,"column":4},"end":{"line":121,"column":4}}},"5":{"name":"fulfillRandomWords","line":123,"loc":{"start":{"line":123,"column":4},"end":{"line":138,"column":4}}},"6":{"name":"getEntranceFee","line":141,"loc":{"start":{"line":141,"column":4},"end":{"line":143,"column":4}}},"7":{"name":"getPlayer","line":145,"loc":{"start":{"line":145,"column":4},"end":{"line":147,"column":4}}},"8":{"name":"getRecentWinner","line":149,"loc":{"start":{"line":149,"column":4},"end":{"line":151,"column":4}}},"9":{"name":"getRaffleState","line":153,"loc":{"start":{"line":153,"column":4},"end":{"line":155,"column":4}}},"10":{"name":"getNumWords","line":157,"loc":{"start":{"line":157,"column":4},"end":{"line":159,"column":4}}},"11":{"name":"getNumberOfPlayers","line":161,"loc":{"start":{"line":161,"column":4},"end":{"line":163,"column":4}}},"12":{"name":"getLatestTimeStamp","line":165,"loc":{"start":{"line":165,"column":4},"end":{"line":167,"column":4}}},"13":{"name":"getRequestConfirmations","line":169,"loc":{"start":{"line":169,"column":4},"end":{"line":171,"column":4}}},"14":{"name":"getInterval","line":173,"loc":{"start":{"line":173,"column":4},"end":{"line":175,"column":4}}}},"statementMap":{"1":{"start":{"line":72,"column":8},"end":{"line":72,"column":2788}},"2":{"start":{"line":75,"column":8},"end":{"line":75,"column":2913}},"3":{"start":{"line":78,"column":8},"end":{"line":78,"column":43}},"4":{"start":{"line":81,"column":8},"end":{"line":81,"column":36}},"5":{"start":{"line":95,"column":12},"end":{"line":95,"column":61}},"6":{"start":{"line":96,"column":12},"end":{"line":96,"column":78}},"7":{"start":{"line":97,"column":12},"end":{"line":97,"column":52}},"8":{"start":{"line":98,"column":12},"end":{"line":98,"column":55}},"9":{"start":{"line":108,"column":8},"end":{"line":108,"column":47}},"10":{"start":{"line":109,"column":8},"end":{"line":109,"column":4917}},"11":{"start":{"line":113,"column":8},"end":{"line":113,"column":5115}},"12":{"start":{"line":120,"column":8},"end":{"line":120,"column":45}},"13":{"start":{"line":125,"column":8},"end":{"line":125,"column":65}},"14":{"start":{"line":126,"column":8},"end":{"line":126,"column":63}},"15":{"start":{"line":132,"column":8},"end":{"line":132,"column":78}},"16":{"start":{"line":134,"column":8},"end":{"line":134,"column":6338}},"17":{"start":{"line":137,"column":8},"end":{"line":137,"column":39}},"18":{"start":{"line":142,"column":8},"end":{"line":142,"column":28}},"19":{"start":{"line":146,"column":8},"end":{"line":146,"column":31}},"20":{"start":{"line":150,"column":8},"end":{"line":150,"column":29}},"21":{"start":{"line":154,"column":8},"end":{"line":154,"column":28}},"22":{"start":{"line":158,"column":8},"end":{"line":158,"column":24}},"23":{"start":{"line":162,"column":8},"end":{"line":162,"column":31}},"24":{"start":{"line":166,"column":8},"end":{"line":166,"column":30}},"25":{"start":{"line":170,"column":8},"end":{"line":170,"column":36}},"26":{"start":{"line":174,"column":8},"end":{"line":174,"column":25}}},"branchMap":{"1":{"line":72,"type":"if","locations":[{"start":{"line":72,"column":8},"end":{"line":72,"column":8}},{"start":{"line":72,"column":8},"end":{"line":72,"column":8}}]},"2":{"line":75,"type":"if","locations":[{"start":{"line":75,"column":8},"end":{"line":75,"column":8}},{"start":{"line":75,"column":8},"end":{"line":75,"column":8}}]},"3":{"line":109,"type":"if","locations":[{"start":{"line":109,"column":8},"end":{"line":109,"column":8}},{"start":{"line":109,"column":8},"end":{"line":109,"column":8}}]},"4":{"line":134,"type":"if","locations":[{"start":{"line":134,"column":8},"end":{"line":134,"column":8}},{"start":{"line":134,"column":8},"end":{"line":134,"column":8}}]}}},
"contracts/test/VRFCoordinatorV2Mock.sol":{"l":{},"path":"/Users/glow/Desktop/GitHub/Solidity-playground/EtherJS_Hardhat/hardhat-smartcontract-lottery/contracts/test/VRFCoordinatorV2Mock.sol","s":{},"b":{},"f":{},"fnMap":{},"statementMap":{},"branchMap":{}}}
